Error on line 7: the token 012 is invalid!
Error on line 8: the token 012 is invalid!
Error on line 9: the token -0 is invalid!
Error on line 10: the token +0 is invalid!
Error on line 17: the token 'ad' is invalid!
Error on line 18: the token 'sd; is invalid!
Error on line 19: the token '; is invalid!
Error on line 20: the token " lala; is invalid!
Error on line 21: the token "; is invalid!

Token: "id", Positions: 97=0
Token: "=", Positions: -1=-1
Token: "const", Positions: 50=0
Token: "+", Positions: -1=-1
Token: "const", Positions: 51=0
Token: ";", Positions: -1=-1
Token: "id", Positions: 97=0
Token: "=", Positions: -1=-1
Token: "const", Positions: 94=0
Token: "+", Positions: -1=-1
Token: "const", Positions: 51=0
Token: ";", Positions: -1=-1
Token: "id", Positions: 97=0
Token: "=", Positions: -1=-1
Token: "*", Positions: -1=-1
Token: "const", Positions: 51=0
Token: ";", Positions: -1=-1
Token: "id", Positions: 326=0
Token: "=", Positions: -1=-1
Token: "const", Positions: 193=0
Token: ";", Positions: -1=-1
Token: "id", Positions: 326=0
Token: "=", Positions: -1=-1
Token: "const", Positions: 144=0
Token: ";", Positions: -1=-1
Token: "id", Positions: 326=0
Token: "=", Positions: -1=-1
Token: "012", Positions: -1=-1
Token: ";", Positions: -1=-1
Token: "id", Positions: 326=0
Token: "=", Positions: -1=-1
Token: "-", Positions: -1=-1
Token: "012", Positions: -1=-1
Token: ";", Positions: -1=-1
Token: "id", Positions: 326=0
Token: "=", Positions: -1=-1
Token: "-0", Positions: -1=-1
Token: ";", Positions: -1=-1
Token: "id", Positions: 326=0
Token: "=", Positions: -1=-1
Token: "+0", Positions: -1=-1
Token: ";", Positions: -1=-1
Token: "id", Positions: 326=0
Token: "=", Positions: -1=-1
Token: "const", Positions: 48=0
Token: ";", Positions: -1=-1
Token: "id", Positions: -1=-1
Token: "(", Positions: -1=-1
Token: "id", Positions: 97=0
Token: "<", Positions: -1=-1
Token: "const", Positions: 96=0
Token: ")", Positions: -1=-1
Token: "{", Positions: -1=-1
Token: "}", Positions: -1=-1
Token: "id", Positions: 98=0
Token: "=", Positions: -1=-1
Token: "const", Positions: 178=0
Token: ";", Positions: -1=-1
Token: "id", Positions: 98=0
Token: "=", Positions: -1=-1
Token: "'ad'", Positions: -1=-1
Token: ";", Positions: -1=-1
Token: "id", Positions: 98=0
Token: "=", Positions: -1=-1
Token: "'sd;", Positions: -1=-1
Token: "id", Positions: 98=0
Token: "=", Positions: -1=-1
Token: "id", Positions: 432=0
Token: "';", Positions: -1=-1
Token: "id", Positions: 98=0
Token: "=", Positions: -1=-1
Token: "" lala;", Positions: -1=-1
Token: "id", Positions: 98=0
Token: "=", Positions: -1=-1
Token: "id", Positions: 460=0
Token: "";", Positions: -1=-1
Token: "id", Positions: 410=0
Token: "=", Positions: -1=-1
Token: "const", Positions: 824=0
Token: ";", Positions: -1=-1
Token: "id", Positions: 99=0
Token: "=", Positions: -1=-1
Token: "const", Positions: 178=1
Token: ";", Positions: -1=-1
Token: "id", Positions: 120=0
Token: "=", Positions: -1=-1
Token: "const", Positions: 153=0
Token: ";", Positions: -1=-1
Token: "id", Positions: 121=0
Token: "=", Positions: -1=-1
Token: "const", Positions: 48=0
Token: ";", Positions: -1=-1
Token: "id", Positions: 122=0
Token: "=", Positions: -1=-1
Token: "const", Positions: 249=0
Token: ";", Positions: -1=-1
Token: "id", Positions: -1=-1
Token: "(", Positions: -1=-1
Token: "id", Positions: 120=0
Token: ")", Positions: -1=-1
Token: ";", Positions: -1=-1
Token: "id", Positions: -1=-1
Token: "(", Positions: -1=-1
Token: "id", Positions: 121=0
Token: ")", Positions: -1=-1
Token: ";", Positions: -1=-1
Token: "id", Positions: -1=-1
Token: "(", Positions: -1=-1
Token: "id", Positions: 122=0
Token: ")", Positions: -1=-1
Token: ";", Positions: -1=-1
Token: "id", Positions: 326=0
Token: "=", Positions: -1=-1
Token: "id", Positions: 120=0
Token: ";", Positions: -1=-1
Token: "id", Positions: -1=-1
Token: "(", Positions: -1=-1
Token: "id", Positions: 121=0
Token: ">=", Positions: -1=-1
Token: "id", Positions: 326=0
Token: ")", Positions: -1=-1
Token: "{", Positions: -1=-1
Token: "id", Positions: 326=0
Token: "=", Positions: -1=-1
Token: "id", Positions: 121=0
Token: ";", Positions: -1=-1
Token: "}", Positions: -1=-1
Token: "id", Positions: -1=-1
Token: "(", Positions: -1=-1
Token: "id", Positions: 122=0
Token: ">", Positions: -1=-1
Token: "id", Positions: 326=0
Token: ")", Positions: -1=-1
Token: "{", Positions: -1=-1
Token: "id", Positions: 326=0
Token: "=", Positions: -1=-1
Token: "id", Positions: 122=0
Token: ";", Positions: -1=-1
Token: "}", Positions: -1=-1
Token: "id", Positions: -1=-1
Token: "}", Positions: -1=-1
