Symbol table is implemented using hash table and linked list for collision control.

Error on line 12: the token 'ad' is invalid!
Error on line 13: the token 'sd; is invalid!
Error on line 14: the token '; is invalid!
Error on line 15: the token " lala; is invalid!
Error on line 16: the token "; is invalid!

(48, 0): 0
(68, 0): "another one dj khaled"
(98, 0): b
(99, 0): c
(120, 0): x
(121, 0): y
(122, 0): z
(153, 0): 423
(178, 0): 'd'
(204, 0): 3423
(326, 0): max
(371, 0): z2a33
(410, 0): lala
(432, 0): dsfs
(460, 0): lala2
(824, 0): "asta este un string constant"
